<?xml version="1.0" encoding="UTF-8"?>
<testsuite xmlns:xsi="http://www.w3.org/2001/XMLSchema-instance" xsi:noNamespaceSchemaLocation="https://maven.apache.org/surefire/maven-surefire-plugin/xsd/surefire-test-report.xsd" name="com.fxm.study.AppTest" time="2.693" tests="2" errors="0" skipped="0" failures="0">
  <properties>
    <property name="sun.desktop" value="windows"/>
    <property name="awt.toolkit" value="sun.awt.windows.WToolkit"/>
    <property name="file.encoding.pkg" value="sun.io"/>
    <property name="java.specification.version" value="1.8"/>
    <property name="sun.cpu.isalist" value="amd64"/>
    <property name="sun.jnu.encoding" value="GBK"/>
    <property name="java.class.path" value="C:\Users\fxm\Downloads\test\spring_mybatis\target\test-classes;C:\Users\fxm\Downloads\test\spring_mybatis\target\classes;D:\apache-maven-3.6.3\repo\junit\junit\4.11\junit-4.11.jar;D:\apache-maven-3.6.3\repo\org\hamcrest\hamcrest-core\1.3\hamcrest-core-1.3.jar;D:\apache-maven-3.6.3\repo\org\mybatis\mybatis\3.2.7\mybatis-3.2.7.jar;D:\apache-maven-3.6.3\repo\org\mybatis\mybatis-spring\1.2.3\mybatis-spring-1.2.3.jar;D:\apache-maven-3.6.3\repo\mysql\mysql-connector-java\8.0.19\mysql-connector-java-8.0.19.jar;D:\apache-maven-3.6.3\repo\com\google\protobuf\protobuf-java\3.6.1\protobuf-java-3.6.1.jar;D:\apache-maven-3.6.3\repo\org\springframework\spring-context\4.1.3.RELEASE\spring-context-4.1.3.RELEASE.jar;D:\apache-maven-3.6.3\repo\org\springframework\spring-aop\4.1.3.RELEASE\spring-aop-4.1.3.RELEASE.jar;D:\apache-maven-3.6.3\repo\org\springframework\spring-core\4.1.3.RELEASE\spring-core-4.1.3.RELEASE.jar;D:\apache-maven-3.6.3\repo\org\springframework\spring-expression\4.1.3.RELEASE\spring-expression-4.1.3.RELEASE.jar;D:\apache-maven-3.6.3\repo\org\springframework\spring-test\4.1.3.RELEASE\spring-test-4.1.3.RELEASE.jar;D:\apache-maven-3.6.3\repo\org\springframework\spring-beans\4.1.3.RELEASE\spring-beans-4.1.3.RELEASE.jar;D:\apache-maven-3.6.3\repo\org\springframework\spring-jdbc\4.1.3.RELEASE\spring-jdbc-4.1.3.RELEASE.jar;D:\apache-maven-3.6.3\repo\org\springframework\spring-tx\4.1.3.RELEASE\spring-tx-4.1.3.RELEASE.jar;D:\apache-maven-3.6.3\repo\org\springframework\spring-aspects\4.1.3.RELEASE\spring-aspects-4.1.3.RELEASE.jar;D:\apache-maven-3.6.3\repo\org\aspectj\aspectjweaver\1.8.4\aspectjweaver-1.8.4.jar;D:\apache-maven-3.6.3\repo\com\github\pagehelper\pagehelper\5.1.2-beta\pagehelper-5.1.2-beta.jar;D:\apache-maven-3.6.3\repo\com\github\jsqlparser\jsqlparser\1.0\jsqlparser-1.0.jar;D:\apache-maven-3.6.3\repo\log4j\log4j\1.2.16\log4j-1.2.16.jar;D:\apache-maven-3.6.3\repo\commons-logging\commons-logging\1.2\commons-logging-1.2.jar;D:\apache-maven-3.6.3\repo\commons-lang\commons-lang\2.6\commons-lang-2.6.jar;D:\apache-maven-3.6.3\repo\aopalliance\aopalliance\1.0\aopalliance-1.0.jar;D:\apache-maven-3.6.3\repo\org\springframework\spring-orm\4.1.3.RELEASE\spring-orm-4.1.3.RELEASE.jar;"/>
    <property name="java.vm.vendor" value="Oracle Corporation"/>
    <property name="sun.arch.data.model" value="64"/>
    <property name="user.variant" value=""/>
    <property name="java.vendor.url" value="http://java.oracle.com/"/>
    <property name="user.timezone" value="Asia/Shanghai"/>
    <property name="java.vm.specification.version" value="1.8"/>
    <property name="os.name" value="Windows 10"/>
    <property name="user.country" value="CN"/>
    <property name="sun.java.launcher" value="SUN_STANDARD"/>
    <property name="sun.boot.library.path" value="D:\Java\jdk1.8.0_181\jre\bin"/>
    <property name="sun.java.command" value="C:\Users\fxm\AppData\Local\Temp\surefire2157451380396555686\surefirebooter2204850012435777939.jar C:\Users\fxm\AppData\Local\Temp\surefire2157451380396555686 2020-11-25T12-42-27_866-jvmRun1 surefire4597090436303496195tmp surefire_02916255437717642155tmp"/>
    <property name="surefire.test.class.path" value="C:\Users\fxm\Downloads\test\spring_mybatis\target\test-classes;C:\Users\fxm\Downloads\test\spring_mybatis\target\classes;D:\apache-maven-3.6.3\repo\junit\junit\4.11\junit-4.11.jar;D:\apache-maven-3.6.3\repo\org\hamcrest\hamcrest-core\1.3\hamcrest-core-1.3.jar;D:\apache-maven-3.6.3\repo\org\mybatis\mybatis\3.2.7\mybatis-3.2.7.jar;D:\apache-maven-3.6.3\repo\org\mybatis\mybatis-spring\1.2.3\mybatis-spring-1.2.3.jar;D:\apache-maven-3.6.3\repo\mysql\mysql-connector-java\8.0.19\mysql-connector-java-8.0.19.jar;D:\apache-maven-3.6.3\repo\com\google\protobuf\protobuf-java\3.6.1\protobuf-java-3.6.1.jar;D:\apache-maven-3.6.3\repo\org\springframework\spring-context\4.1.3.RELEASE\spring-context-4.1.3.RELEASE.jar;D:\apache-maven-3.6.3\repo\org\springframework\spring-aop\4.1.3.RELEASE\spring-aop-4.1.3.RELEASE.jar;D:\apache-maven-3.6.3\repo\org\springframework\spring-core\4.1.3.RELEASE\spring-core-4.1.3.RELEASE.jar;D:\apache-maven-3.6.3\repo\org\springframework\spring-expression\4.1.3.RELEASE\spring-expression-4.1.3.RELEASE.jar;D:\apache-maven-3.6.3\repo\org\springframework\spring-test\4.1.3.RELEASE\spring-test-4.1.3.RELEASE.jar;D:\apache-maven-3.6.3\repo\org\springframework\spring-beans\4.1.3.RELEASE\spring-beans-4.1.3.RELEASE.jar;D:\apache-maven-3.6.3\repo\org\springframework\spring-jdbc\4.1.3.RELEASE\spring-jdbc-4.1.3.RELEASE.jar;D:\apache-maven-3.6.3\repo\org\springframework\spring-tx\4.1.3.RELEASE\spring-tx-4.1.3.RELEASE.jar;D:\apache-maven-3.6.3\repo\org\springframework\spring-aspects\4.1.3.RELEASE\spring-aspects-4.1.3.RELEASE.jar;D:\apache-maven-3.6.3\repo\org\aspectj\aspectjweaver\1.8.4\aspectjweaver-1.8.4.jar;D:\apache-maven-3.6.3\repo\com\github\pagehelper\pagehelper\5.1.2-beta\pagehelper-5.1.2-beta.jar;D:\apache-maven-3.6.3\repo\com\github\jsqlparser\jsqlparser\1.0\jsqlparser-1.0.jar;D:\apache-maven-3.6.3\repo\log4j\log4j\1.2.16\log4j-1.2.16.jar;D:\apache-maven-3.6.3\repo\commons-logging\commons-logging\1.2\commons-logging-1.2.jar;D:\apache-maven-3.6.3\repo\commons-lang\commons-lang\2.6\commons-lang-2.6.jar;D:\apache-maven-3.6.3\repo\aopalliance\aopalliance\1.0\aopalliance-1.0.jar;D:\apache-maven-3.6.3\repo\org\springframework\spring-orm\4.1.3.RELEASE\spring-orm-4.1.3.RELEASE.jar;"/>
    <property name="sun.cpu.endian" value="little"/>
    <property name="user.home" value="C:\Users\fxm"/>
    <property name="user.language" value="zh"/>
    <property name="java.specification.vendor" value="Oracle Corporation"/>
    <property name="java.home" value="D:\Java\jdk1.8.0_181\jre"/>
    <property name="basedir" value="C:\Users\fxm\Downloads\test\spring_mybatis"/>
    <property name="file.separator" value="\"/>
    <property name="line.separator" value="&#10;"/>
    <property name="java.vm.specification.vendor" value="Oracle Corporation"/>
    <property name="java.specification.name" value="Java Platform API Specification"/>
    <property name="java.awt.graphicsenv" value="sun.awt.Win32GraphicsEnvironment"/>
    <property name="surefire.real.class.path" value="C:\Users\fxm\AppData\Local\Temp\surefire2157451380396555686\surefirebooter2204850012435777939.jar"/>
    <property name="sun.boot.class.path" value="D:\Java\jdk1.8.0_181\jre\lib\resources.jar;D:\Java\jdk1.8.0_181\jre\lib\rt.jar;D:\Java\jdk1.8.0_181\jre\lib\sunrsasign.jar;D:\Java\jdk1.8.0_181\jre\lib\jsse.jar;D:\Java\jdk1.8.0_181\jre\lib\jce.jar;D:\Java\jdk1.8.0_181\jre\lib\charsets.jar;D:\Java\jdk1.8.0_181\jre\lib\jfr.jar;D:\Java\jdk1.8.0_181\jre\classes"/>
    <property name="user.script" value=""/>
    <property name="sun.management.compiler" value="HotSpot 64-Bit Tiered Compilers"/>
    <property name="java.runtime.version" value="1.8.0_181-b13"/>
    <property name="user.name" value="fxm"/>
    <property name="path.separator" value=";"/>
    <property name="os.version" value="10.0"/>
    <property name="java.endorsed.dirs" value="D:\Java\jdk1.8.0_181\jre\lib\endorsed"/>
    <property name="java.runtime.name" value="Java(TM) SE Runtime Environment"/>
    <property name="file.encoding" value="GBK"/>
    <property name="java.vm.name" value="Java HotSpot(TM) 64-Bit Server VM"/>
    <property name="localRepository" value="D:\apache-maven-3.6.3\repo"/>
    <property name="java.vendor.url.bug" value="http://bugreport.sun.com/bugreport/"/>
    <property name="java.io.tmpdir" value="C:\Users\fxm\AppData\Local\Temp\"/>
    <property name="idea.version" value="2020.2.2"/>
    <property name="java.version" value="1.8.0_181"/>
    <property name="user.dir" value="C:\Users\fxm\Downloads\test\spring_mybatis"/>
    <property name="os.arch" value="amd64"/>
    <property name="java.vm.specification.name" value="Java Virtual Machine Specification"/>
    <property name="java.awt.printerjob" value="sun.awt.windows.WPrinterJob"/>
    <property name="sun.os.patch.level" value=""/>
    <property name="java.library.path" value="D:\Java\jdk1.8.0_181\jre\bin;C:\WINDOWS\Sun\Java\bin;C:\WINDOWS\system32;C:\WINDOWS;D:\NetSarang\Xshell 6\;D:\NetSarang\Xftp 6\;C:\WINDOWS\system32;C:\WINDOWS;C:\WINDOWS\System32\Wbem;C:\WINDOWS\System32\WindowsPowerShell\v1.0\;C:\WINDOWS\System32\OpenSSH\;D:\Java\jdk1.8.0_181\bin;D:\Java\jdk1.8.0_181\jre\bin;C:\Program Files\MySQL\MySQL Server 8.0\bin;D:\apache-tomcat-9.0.38\bin;D:\apache-maven-3.6.3\bin;D:\nodejs\;C:\Program Files\MySQL\MySQL Shell 8.0\bin\;C:\Users\fxm\AppData\Local\Microsoft\WindowsApps;;d:\JetBrains\IntelliJ IDEA 2020.2.2\bin;;C:\Users\fxm\AppData\Roaming\npm;."/>
    <property name="java.vm.info" value="mixed mode"/>
    <property name="java.vendor" value="Oracle Corporation"/>
    <property name="java.vm.version" value="25.181-b13"/>
    <property name="java.ext.dirs" value="D:\Java\jdk1.8.0_181\jre\lib\ext;C:\WINDOWS\Sun\Java\lib\ext"/>
    <property name="sun.io.unicode.encoding" value="UnicodeLittle"/>
    <property name="java.class.version" value="52.0"/>
  </properties>
  <testcase name="shouldAnswerWithTrue" classname="com.fxm.study.AppTest" time="1.039"/>
  <testcase name="testMerge" classname="com.fxm.study.AppTest" time="1.505"/>
</testsuite>